<?xml version="1.0" encoding="UTF-8"?>
<testsuite xmlns:xsi="http://www.w3.org/2001/XMLSchema-instance" xsi:noNamespaceSchemaLocation="https://maven.apache.org/surefire/maven-surefire-plugin/xsd/surefire-test-report.xsd" version="3.0.2" name="com.example.gateway.gateway.GatewayApplicationTests" time="4.66" tests="1" errors="0" skipped="0" failures="0">
  <properties>
    <property name="java.specification.version" value="21"/>
    <property name="sun.jnu.encoding" value="UTF-8"/>
    <property name="java.class.path" value="/home/vier/college/awd/sb/gateway/target/test-classes:/home/vier/college/awd/sb/gateway/target/classes:/home/vier/.m2/repository/org/springframework/cloud/spring-cloud-starter-gateway/4.2.4/spring-cloud-starter-gateway-4.2.4.jar:/home/vier/.m2/repository/org/springframework/cloud/spring-cloud-starter/4.2.2/spring-cloud-starter-4.2.2.jar:/home/vier/.m2/repository/org/springframework/cloud/spring-cloud-context/4.2.2/spring-cloud-context-4.2.2.jar:/home/vier/.m2/repository/org/springframework/security/spring-security-crypto/6.4.8/spring-security-crypto-6.4.8.jar:/home/vier/.m2/repository/org/springframework/cloud/spring-cloud-commons/4.2.2/spring-cloud-commons-4.2.2.jar:/home/vier/.m2/repository/org/bouncycastle/bcprov-jdk18on/1.78.1/bcprov-jdk18on-1.78.1.jar:/home/vier/.m2/repository/org/springframework/cloud/spring-cloud-gateway-server/4.2.4/spring-cloud-gateway-server-4.2.4.jar:/home/vier/.m2/repository/org/springframework/boot/spring-boot-starter-validation/3.4.8/spring-boot-starter-validation-3.4.8.jar:/home/vier/.m2/repository/org/apache/tomcat/embed/tomcat-embed-el/10.1.43/tomcat-embed-el-10.1.43.jar:/home/vier/.m2/repository/org/hibernate/validator/hibernate-validator/8.0.2.Final/hibernate-validator-8.0.2.Final.jar:/home/vier/.m2/repository/jakarta/validation/jakarta.validation-api/3.0.2/jakarta.validation-api-3.0.2.jar:/home/vier/.m2/repository/org/jboss/logging/jboss-logging/3.6.1.Final/jboss-logging-3.6.1.Final.jar:/home/vier/.m2/repository/com/fasterxml/classmate/1.7.0/classmate-1.7.0.jar:/home/vier/.m2/repository/io/projectreactor/addons/reactor-extra/3.5.2/reactor-extra-3.5.2.jar:/home/vier/.m2/repository/io/projectreactor/reactor-core/3.7.8/reactor-core-3.7.8.jar:/home/vier/.m2/repository/org/reactivestreams/reactive-streams/1.0.4/reactive-streams-1.0.4.jar:/home/vier/.m2/repository/org/springframework/boot/spring-boot-starter-webflux/3.4.8/spring-boot-starter-webflux-3.4.8.jar:/home/vier/.m2/repository/org/springframework/boot/spring-boot-starter-json/3.4.8/spring-boot-starter-json-3.4.8.jar:/home/vier/.m2/repository/com/fasterxml/jackson/core/jackson-databind/2.18.4/jackson-databind-2.18.4.jar:/home/vier/.m2/repository/com/fasterxml/jackson/core/jackson-annotations/2.18.4/jackson-annotations-2.18.4.jar:/home/vier/.m2/repository/com/fasterxml/jackson/core/jackson-core/2.18.4.1/jackson-core-2.18.4.1.jar:/home/vier/.m2/repository/com/fasterxml/jackson/datatype/jackson-datatype-jdk8/2.18.4/jackson-datatype-jdk8-2.18.4.jar:/home/vier/.m2/repository/com/fasterxml/jackson/datatype/jackson-datatype-jsr310/2.18.4/jackson-datatype-jsr310-2.18.4.jar:/home/vier/.m2/repository/com/fasterxml/jackson/module/jackson-module-parameter-names/2.18.4/jackson-module-parameter-names-2.18.4.jar:/home/vier/.m2/repository/org/springframework/boot/spring-boot-starter-reactor-netty/3.4.8/spring-boot-starter-reactor-netty-3.4.8.jar:/home/vier/.m2/repository/io/projectreactor/netty/reactor-netty-http/1.2.8/reactor-netty-http-1.2.8.jar:/home/vier/.m2/repository/io/netty/netty-codec-http/4.1.123.Final/netty-codec-http-4.1.123.Final.jar:/home/vier/.m2/repository/io/netty/netty-common/4.1.123.Final/netty-common-4.1.123.Final.jar:/home/vier/.m2/repository/io/netty/netty-buffer/4.1.123.Final/netty-buffer-4.1.123.Final.jar:/home/vier/.m2/repository/io/netty/netty-transport/4.1.123.Final/netty-transport-4.1.123.Final.jar:/home/vier/.m2/repository/io/netty/netty-codec/4.1.123.Final/netty-codec-4.1.123.Final.jar:/home/vier/.m2/repository/io/netty/netty-handler/4.1.123.Final/netty-handler-4.1.123.Final.jar:/home/vier/.m2/repository/io/netty/netty-codec-http2/4.1.123.Final/netty-codec-http2-4.1.123.Final.jar:/home/vier/.m2/repository/io/netty/netty-resolver-dns/4.1.123.Final/netty-resolver-dns-4.1.123.Final.jar:/home/vier/.m2/repository/io/netty/netty-resolver/4.1.123.Final/netty-resolver-4.1.123.Final.jar:/home/vier/.m2/repository/io/netty/netty-codec-dns/4.1.123.Final/netty-codec-dns-4.1.123.Final.jar:/home/vier/.m2/repository/io/netty/netty-resolver-dns-native-macos/4.1.123.Final/netty-resolver-dns-native-macos-4.1.123.Final-osx-x86_64.jar:/home/vier/.m2/repository/io/netty/netty-resolver-dns-classes-macos/4.1.123.Final/netty-resolver-dns-classes-macos-4.1.123.Final.jar:/home/vier/.m2/repository/io/netty/netty-transport-native-epoll/4.1.123.Final/netty-transport-native-epoll-4.1.123.Final-linux-x86_64.jar:/home/vier/.m2/repository/io/netty/netty-transport-native-unix-common/4.1.123.Final/netty-transport-native-unix-common-4.1.123.Final.jar:/home/vier/.m2/repository/io/netty/netty-transport-classes-epoll/4.1.123.Final/netty-transport-classes-epoll-4.1.123.Final.jar:/home/vier/.m2/repository/io/projectreactor/netty/reactor-netty-core/1.2.8/reactor-netty-core-1.2.8.jar:/home/vier/.m2/repository/io/netty/netty-handler-proxy/4.1.123.Final/netty-handler-proxy-4.1.123.Final.jar:/home/vier/.m2/repository/io/netty/netty-codec-socks/4.1.123.Final/netty-codec-socks-4.1.123.Final.jar:/home/vier/.m2/repository/org/springframework/spring-web/6.2.9/spring-web-6.2.9.jar:/home/vier/.m2/repository/org/springframework/spring-beans/6.2.9/spring-beans-6.2.9.jar:/home/vier/.m2/repository/io/micrometer/micrometer-observation/1.14.9/micrometer-observation-1.14.9.jar:/home/vier/.m2/repository/io/micrometer/micrometer-commons/1.14.9/micrometer-commons-1.14.9.jar:/home/vier/.m2/repository/org/springframework/spring-webflux/6.2.9/spring-webflux-6.2.9.jar:/home/vier/.m2/repository/org/springframework/boot/spring-boot-starter-test/3.4.8/spring-boot-starter-test-3.4.8.jar:/home/vier/.m2/repository/org/springframework/boot/spring-boot-starter/3.4.8/spring-boot-starter-3.4.8.jar:/home/vier/.m2/repository/org/springframework/boot/spring-boot/3.4.8/spring-boot-3.4.8.jar:/home/vier/.m2/repository/org/springframework/spring-context/6.2.9/spring-context-6.2.9.jar:/home/vier/.m2/repository/org/springframework/spring-aop/6.2.9/spring-aop-6.2.9.jar:/home/vier/.m2/repository/org/springframework/spring-expression/6.2.9/spring-expression-6.2.9.jar:/home/vier/.m2/repository/org/springframework/boot/spring-boot-autoconfigure/3.4.8/spring-boot-autoconfigure-3.4.8.jar:/home/vier/.m2/repository/org/springframework/boot/spring-boot-starter-logging/3.4.8/spring-boot-starter-logging-3.4.8.jar:/home/vier/.m2/repository/ch/qos/logback/logback-classic/1.5.18/logback-classic-1.5.18.jar:/home/vier/.m2/repository/ch/qos/logback/logback-core/1.5.18/logback-core-1.5.18.jar:/home/vier/.m2/repository/org/apache/logging/log4j/log4j-to-slf4j/2.24.3/log4j-to-slf4j-2.24.3.jar:/home/vier/.m2/repository/org/apache/logging/log4j/log4j-api/2.24.3/log4j-api-2.24.3.jar:/home/vier/.m2/repository/org/slf4j/jul-to-slf4j/2.0.17/jul-to-slf4j-2.0.17.jar:/home/vier/.m2/repository/jakarta/annotation/jakarta.annotation-api/2.1.1/jakarta.annotation-api-2.1.1.jar:/home/vier/.m2/repository/org/yaml/snakeyaml/2.3/snakeyaml-2.3.jar:/home/vier/.m2/repository/org/springframework/boot/spring-boot-test/3.4.8/spring-boot-test-3.4.8.jar:/home/vier/.m2/repository/org/springframework/boot/spring-boot-test-autoconfigure/3.4.8/spring-boot-test-autoconfigure-3.4.8.jar:/home/vier/.m2/repository/com/jayway/jsonpath/json-path/2.9.0/json-path-2.9.0.jar:/home/vier/.m2/repository/org/slf4j/slf4j-api/2.0.17/slf4j-api-2.0.17.jar:/home/vier/.m2/repository/jakarta/xml/bind/jakarta.xml.bind-api/4.0.2/jakarta.xml.bind-api-4.0.2.jar:/home/vier/.m2/repository/jakarta/activation/jakarta.activation-api/2.1.3/jakarta.activation-api-2.1.3.jar:/home/vier/.m2/repository/net/minidev/json-smart/2.5.2/json-smart-2.5.2.jar:/home/vier/.m2/repository/net/minidev/accessors-smart/2.5.2/accessors-smart-2.5.2.jar:/home/vier/.m2/repository/org/ow2/asm/asm/9.7.1/asm-9.7.1.jar:/home/vier/.m2/repository/org/assertj/assertj-core/3.26.3/assertj-core-3.26.3.jar:/home/vier/.m2/repository/net/bytebuddy/byte-buddy/1.15.11/byte-buddy-1.15.11.jar:/home/vier/.m2/repository/org/awaitility/awaitility/4.2.2/awaitility-4.2.2.jar:/home/vier/.m2/repository/org/hamcrest/hamcrest/2.2/hamcrest-2.2.jar:/home/vier/.m2/repository/org/junit/jupiter/junit-jupiter/5.11.4/junit-jupiter-5.11.4.jar:/home/vier/.m2/repository/org/junit/jupiter/junit-jupiter-api/5.11.4/junit-jupiter-api-5.11.4.jar:/home/vier/.m2/repository/org/opentest4j/opentest4j/1.3.0/opentest4j-1.3.0.jar:/home/vier/.m2/repository/org/junit/platform/junit-platform-commons/1.11.4/junit-platform-commons-1.11.4.jar:/home/vier/.m2/repository/org/apiguardian/apiguardian-api/1.1.2/apiguardian-api-1.1.2.jar:/home/vier/.m2/repository/org/junit/jupiter/junit-jupiter-params/5.11.4/junit-jupiter-params-5.11.4.jar:/home/vier/.m2/repository/org/junit/jupiter/junit-jupiter-engine/5.11.4/junit-jupiter-engine-5.11.4.jar:/home/vier/.m2/repository/org/junit/platform/junit-platform-engine/1.11.4/junit-platform-engine-1.11.4.jar:/home/vier/.m2/repository/org/mockito/mockito-core/5.14.2/mockito-core-5.14.2.jar:/home/vier/.m2/repository/net/bytebuddy/byte-buddy-agent/1.15.11/byte-buddy-agent-1.15.11.jar:/home/vier/.m2/repository/org/objenesis/objenesis/3.3/objenesis-3.3.jar:/home/vier/.m2/repository/org/mockito/mockito-junit-jupiter/5.14.2/mockito-junit-jupiter-5.14.2.jar:/home/vier/.m2/repository/org/skyscreamer/jsonassert/1.5.3/jsonassert-1.5.3.jar:/home/vier/.m2/repository/com/vaadin/external/google/android-json/0.0.20131108.vaadin1/android-json-0.0.20131108.vaadin1.jar:/home/vier/.m2/repository/org/springframework/spring-core/6.2.9/spring-core-6.2.9.jar:/home/vier/.m2/repository/org/springframework/spring-jcl/6.2.9/spring-jcl-6.2.9.jar:/home/vier/.m2/repository/org/springframework/spring-test/6.2.9/spring-test-6.2.9.jar:/home/vier/.m2/repository/org/xmlunit/xmlunit-core/2.10.3/xmlunit-core-2.10.3.jar:"/>
    <property name="java.vm.vendor" value="Red Hat, Inc."/>
    <property name="sun.arch.data.model" value="64"/>
    <property name="java.vendor.url" value="https://www.redhat.com/"/>
    <property name="user.timezone" value="Etc/GMT+5"/>
    <property name="org.jboss.logging.provider" value="slf4j"/>
    <property name="os.name" value="Linux"/>
    <property name="java.vm.specification.version" value="21"/>
    <property name="APPLICATION_NAME" value="gateway"/>
    <property name="sun.java.launcher" value="SUN_STANDARD"/>
    <property name="user.country" value="US"/>
    <property name="sun.boot.library.path" value="/usr/lib/jvm/java-21-openjdk/lib"/>
    <property name="sun.java.command" value="/home/vier/college/awd/sb/gateway/target/surefire/surefirebooter-20250803151530798_3.jar /home/vier/college/awd/sb/gateway/target/surefire 2025-08-03T15-15-30_664-jvmRun1 surefire-20250803151530798_1tmp surefire_0-20250803151530798_2tmp"/>
    <property name="jdk.debug" value="release"/>
    <property name="surefire.test.class.path" value="/home/vier/college/awd/sb/gateway/target/test-classes:/home/vier/college/awd/sb/gateway/target/classes:/home/vier/.m2/repository/org/springframework/cloud/spring-cloud-starter-gateway/4.2.4/spring-cloud-starter-gateway-4.2.4.jar:/home/vier/.m2/repository/org/springframework/cloud/spring-cloud-starter/4.2.2/spring-cloud-starter-4.2.2.jar:/home/vier/.m2/repository/org/springframework/cloud/spring-cloud-context/4.2.2/spring-cloud-context-4.2.2.jar:/home/vier/.m2/repository/org/springframework/security/spring-security-crypto/6.4.8/spring-security-crypto-6.4.8.jar:/home/vier/.m2/repository/org/springframework/cloud/spring-cloud-commons/4.2.2/spring-cloud-commons-4.2.2.jar:/home/vier/.m2/repository/org/bouncycastle/bcprov-jdk18on/1.78.1/bcprov-jdk18on-1.78.1.jar:/home/vier/.m2/repository/org/springframework/cloud/spring-cloud-gateway-server/4.2.4/spring-cloud-gateway-server-4.2.4.jar:/home/vier/.m2/repository/org/springframework/boot/spring-boot-starter-validation/3.4.8/spring-boot-starter-validation-3.4.8.jar:/home/vier/.m2/repository/org/apache/tomcat/embed/tomcat-embed-el/10.1.43/tomcat-embed-el-10.1.43.jar:/home/vier/.m2/repository/org/hibernate/validator/hibernate-validator/8.0.2.Final/hibernate-validator-8.0.2.Final.jar:/home/vier/.m2/repository/jakarta/validation/jakarta.validation-api/3.0.2/jakarta.validation-api-3.0.2.jar:/home/vier/.m2/repository/org/jboss/logging/jboss-logging/3.6.1.Final/jboss-logging-3.6.1.Final.jar:/home/vier/.m2/repository/com/fasterxml/classmate/1.7.0/classmate-1.7.0.jar:/home/vier/.m2/repository/io/projectreactor/addons/reactor-extra/3.5.2/reactor-extra-3.5.2.jar:/home/vier/.m2/repository/io/projectreactor/reactor-core/3.7.8/reactor-core-3.7.8.jar:/home/vier/.m2/repository/org/reactivestreams/reactive-streams/1.0.4/reactive-streams-1.0.4.jar:/home/vier/.m2/repository/org/springframework/boot/spring-boot-starter-webflux/3.4.8/spring-boot-starter-webflux-3.4.8.jar:/home/vier/.m2/repository/org/springframework/boot/spring-boot-starter-json/3.4.8/spring-boot-starter-json-3.4.8.jar:/home/vier/.m2/repository/com/fasterxml/jackson/core/jackson-databind/2.18.4/jackson-databind-2.18.4.jar:/home/vier/.m2/repository/com/fasterxml/jackson/core/jackson-annotations/2.18.4/jackson-annotations-2.18.4.jar:/home/vier/.m2/repository/com/fasterxml/jackson/core/jackson-core/2.18.4.1/jackson-core-2.18.4.1.jar:/home/vier/.m2/repository/com/fasterxml/jackson/datatype/jackson-datatype-jdk8/2.18.4/jackson-datatype-jdk8-2.18.4.jar:/home/vier/.m2/repository/com/fasterxml/jackson/datatype/jackson-datatype-jsr310/2.18.4/jackson-datatype-jsr310-2.18.4.jar:/home/vier/.m2/repository/com/fasterxml/jackson/module/jackson-module-parameter-names/2.18.4/jackson-module-parameter-names-2.18.4.jar:/home/vier/.m2/repository/org/springframework/boot/spring-boot-starter-reactor-netty/3.4.8/spring-boot-starter-reactor-netty-3.4.8.jar:/home/vier/.m2/repository/io/projectreactor/netty/reactor-netty-http/1.2.8/reactor-netty-http-1.2.8.jar:/home/vier/.m2/repository/io/netty/netty-codec-http/4.1.123.Final/netty-codec-http-4.1.123.Final.jar:/home/vier/.m2/repository/io/netty/netty-common/4.1.123.Final/netty-common-4.1.123.Final.jar:/home/vier/.m2/repository/io/netty/netty-buffer/4.1.123.Final/netty-buffer-4.1.123.Final.jar:/home/vier/.m2/repository/io/netty/netty-transport/4.1.123.Final/netty-transport-4.1.123.Final.jar:/home/vier/.m2/repository/io/netty/netty-codec/4.1.123.Final/netty-codec-4.1.123.Final.jar:/home/vier/.m2/repository/io/netty/netty-handler/4.1.123.Final/netty-handler-4.1.123.Final.jar:/home/vier/.m2/repository/io/netty/netty-codec-http2/4.1.123.Final/netty-codec-http2-4.1.123.Final.jar:/home/vier/.m2/repository/io/netty/netty-resolver-dns/4.1.123.Final/netty-resolver-dns-4.1.123.Final.jar:/home/vier/.m2/repository/io/netty/netty-resolver/4.1.123.Final/netty-resolver-4.1.123.Final.jar:/home/vier/.m2/repository/io/netty/netty-codec-dns/4.1.123.Final/netty-codec-dns-4.1.123.Final.jar:/home/vier/.m2/repository/io/netty/netty-resolver-dns-native-macos/4.1.123.Final/netty-resolver-dns-native-macos-4.1.123.Final-osx-x86_64.jar:/home/vier/.m2/repository/io/netty/netty-resolver-dns-classes-macos/4.1.123.Final/netty-resolver-dns-classes-macos-4.1.123.Final.jar:/home/vier/.m2/repository/io/netty/netty-transport-native-epoll/4.1.123.Final/netty-transport-native-epoll-4.1.123.Final-linux-x86_64.jar:/home/vier/.m2/repository/io/netty/netty-transport-native-unix-common/4.1.123.Final/netty-transport-native-unix-common-4.1.123.Final.jar:/home/vier/.m2/repository/io/netty/netty-transport-classes-epoll/4.1.123.Final/netty-transport-classes-epoll-4.1.123.Final.jar:/home/vier/.m2/repository/io/projectreactor/netty/reactor-netty-core/1.2.8/reactor-netty-core-1.2.8.jar:/home/vier/.m2/repository/io/netty/netty-handler-proxy/4.1.123.Final/netty-handler-proxy-4.1.123.Final.jar:/home/vier/.m2/repository/io/netty/netty-codec-socks/4.1.123.Final/netty-codec-socks-4.1.123.Final.jar:/home/vier/.m2/repository/org/springframework/spring-web/6.2.9/spring-web-6.2.9.jar:/home/vier/.m2/repository/org/springframework/spring-beans/6.2.9/spring-beans-6.2.9.jar:/home/vier/.m2/repository/io/micrometer/micrometer-observation/1.14.9/micrometer-observation-1.14.9.jar:/home/vier/.m2/repository/io/micrometer/micrometer-commons/1.14.9/micrometer-commons-1.14.9.jar:/home/vier/.m2/repository/org/springframework/spring-webflux/6.2.9/spring-webflux-6.2.9.jar:/home/vier/.m2/repository/org/springframework/boot/spring-boot-starter-test/3.4.8/spring-boot-starter-test-3.4.8.jar:/home/vier/.m2/repository/org/springframework/boot/spring-boot-starter/3.4.8/spring-boot-starter-3.4.8.jar:/home/vier/.m2/repository/org/springframework/boot/spring-boot/3.4.8/spring-boot-3.4.8.jar:/home/vier/.m2/repository/org/springframework/spring-context/6.2.9/spring-context-6.2.9.jar:/home/vier/.m2/repository/org/springframework/spring-aop/6.2.9/spring-aop-6.2.9.jar:/home/vier/.m2/repository/org/springframework/spring-expression/6.2.9/spring-expression-6.2.9.jar:/home/vier/.m2/repository/org/springframework/boot/spring-boot-autoconfigure/3.4.8/spring-boot-autoconfigure-3.4.8.jar:/home/vier/.m2/repository/org/springframework/boot/spring-boot-starter-logging/3.4.8/spring-boot-starter-logging-3.4.8.jar:/home/vier/.m2/repository/ch/qos/logback/logback-classic/1.5.18/logback-classic-1.5.18.jar:/home/vier/.m2/repository/ch/qos/logback/logback-core/1.5.18/logback-core-1.5.18.jar:/home/vier/.m2/repository/org/apache/logging/log4j/log4j-to-slf4j/2.24.3/log4j-to-slf4j-2.24.3.jar:/home/vier/.m2/repository/org/apache/logging/log4j/log4j-api/2.24.3/log4j-api-2.24.3.jar:/home/vier/.m2/repository/org/slf4j/jul-to-slf4j/2.0.17/jul-to-slf4j-2.0.17.jar:/home/vier/.m2/repository/jakarta/annotation/jakarta.annotation-api/2.1.1/jakarta.annotation-api-2.1.1.jar:/home/vier/.m2/repository/org/yaml/snakeyaml/2.3/snakeyaml-2.3.jar:/home/vier/.m2/repository/org/springframework/boot/spring-boot-test/3.4.8/spring-boot-test-3.4.8.jar:/home/vier/.m2/repository/org/springframework/boot/spring-boot-test-autoconfigure/3.4.8/spring-boot-test-autoconfigure-3.4.8.jar:/home/vier/.m2/repository/com/jayway/jsonpath/json-path/2.9.0/json-path-2.9.0.jar:/home/vier/.m2/repository/org/slf4j/slf4j-api/2.0.17/slf4j-api-2.0.17.jar:/home/vier/.m2/repository/jakarta/xml/bind/jakarta.xml.bind-api/4.0.2/jakarta.xml.bind-api-4.0.2.jar:/home/vier/.m2/repository/jakarta/activation/jakarta.activation-api/2.1.3/jakarta.activation-api-2.1.3.jar:/home/vier/.m2/repository/net/minidev/json-smart/2.5.2/json-smart-2.5.2.jar:/home/vier/.m2/repository/net/minidev/accessors-smart/2.5.2/accessors-smart-2.5.2.jar:/home/vier/.m2/repository/org/ow2/asm/asm/9.7.1/asm-9.7.1.jar:/home/vier/.m2/repository/org/assertj/assertj-core/3.26.3/assertj-core-3.26.3.jar:/home/vier/.m2/repository/net/bytebuddy/byte-buddy/1.15.11/byte-buddy-1.15.11.jar:/home/vier/.m2/repository/org/awaitility/awaitility/4.2.2/awaitility-4.2.2.jar:/home/vier/.m2/repository/org/hamcrest/hamcrest/2.2/hamcrest-2.2.jar:/home/vier/.m2/repository/org/junit/jupiter/junit-jupiter/5.11.4/junit-jupiter-5.11.4.jar:/home/vier/.m2/repository/org/junit/jupiter/junit-jupiter-api/5.11.4/junit-jupiter-api-5.11.4.jar:/home/vier/.m2/repository/org/opentest4j/opentest4j/1.3.0/opentest4j-1.3.0.jar:/home/vier/.m2/repository/org/junit/platform/junit-platform-commons/1.11.4/junit-platform-commons-1.11.4.jar:/home/vier/.m2/repository/org/apiguardian/apiguardian-api/1.1.2/apiguardian-api-1.1.2.jar:/home/vier/.m2/repository/org/junit/jupiter/junit-jupiter-params/5.11.4/junit-jupiter-params-5.11.4.jar:/home/vier/.m2/repository/org/junit/jupiter/junit-jupiter-engine/5.11.4/junit-jupiter-engine-5.11.4.jar:/home/vier/.m2/repository/org/junit/platform/junit-platform-engine/1.11.4/junit-platform-engine-1.11.4.jar:/home/vier/.m2/repository/org/mockito/mockito-core/5.14.2/mockito-core-5.14.2.jar:/home/vier/.m2/repository/net/bytebuddy/byte-buddy-agent/1.15.11/byte-buddy-agent-1.15.11.jar:/home/vier/.m2/repository/org/objenesis/objenesis/3.3/objenesis-3.3.jar:/home/vier/.m2/repository/org/mockito/mockito-junit-jupiter/5.14.2/mockito-junit-jupiter-5.14.2.jar:/home/vier/.m2/repository/org/skyscreamer/jsonassert/1.5.3/jsonassert-1.5.3.jar:/home/vier/.m2/repository/com/vaadin/external/google/android-json/0.0.20131108.vaadin1/android-json-0.0.20131108.vaadin1.jar:/home/vier/.m2/repository/org/springframework/spring-core/6.2.9/spring-core-6.2.9.jar:/home/vier/.m2/repository/org/springframework/spring-jcl/6.2.9/spring-jcl-6.2.9.jar:/home/vier/.m2/repository/org/springframework/spring-test/6.2.9/spring-test-6.2.9.jar:/home/vier/.m2/repository/org/xmlunit/xmlunit-core/2.10.3/xmlunit-core-2.10.3.jar:"/>
    <property name="sun.cpu.endian" value="little"/>
    <property name="user.home" value="/home/vier"/>
    <property name="user.language" value="en"/>
    <property name="java.specification.vendor" value="Oracle Corporation"/>
    <property name="java.version.date" value="2025-07-15"/>
    <property name="java.home" value="/usr/lib/jvm/java-21-openjdk"/>
    <property name="file.separator" value="/"/>
    <property name="basedir" value="/home/vier/college/awd/sb/gateway"/>
    <property name="java.vm.compressedOopsMode" value="Zero based"/>
    <property name="line.separator" value="&#10;"/>
    <property name="java.vm.specification.vendor" value="Oracle Corporation"/>
    <property name="java.specification.name" value="Java Platform API Specification"/>
    <property name="FILE_LOG_CHARSET" value="UTF-8"/>
    <property name="java.awt.headless" value="true"/>
    <property name="surefire.real.class.path" value="/home/vier/college/awd/sb/gateway/target/surefire/surefirebooter-20250803151530798_3.jar"/>
    <property name="sun.management.compiler" value="HotSpot 64-Bit Tiered Compilers"/>
    <property name="java.runtime.version" value="21.0.8+9"/>
    <property name="user.name" value="vier"/>
    <property name="stdout.encoding" value="UTF-8"/>
    <property name="path.separator" value=":"/>
    <property name="os.version" value="6.15.7-100.fc41.x86_64"/>
    <property name="java.runtime.name" value="OpenJDK Runtime Environment"/>
    <property name="file.encoding" value="UTF-8"/>
    <property name="java.vm.name" value="OpenJDK 64-Bit Server VM"/>
    <property name="java.vendor.version" value="(Red_Hat-21.0.8.0.9-1)"/>
    <property name="localRepository" value="/home/vier/.m2/repository"/>
    <property name="java.vendor.url.bug" value="https://bugzilla.redhat.com/enter_bug.cgi?product=Fedora&amp;component=java-21-openjdk&amp;version=41"/>
    <property name="java.io.tmpdir" value="/tmp"/>
    <property name="java.version" value="21.0.8"/>
    <property name="user.dir" value="/home/vier/college/awd/sb/gateway"/>
    <property name="os.arch" value="amd64"/>
    <property name="java.vm.specification.name" value="Java Virtual Machine Specification"/>
    <property name="PID" value="410138"/>
    <property name="CONSOLE_LOG_CHARSET" value="UTF-8"/>
    <property name="native.encoding" value="UTF-8"/>
    <property name="java.library.path" value="/usr/java/packages/lib:/usr/lib64:/lib64:/lib:/usr/lib"/>
    <property name="java.vm.info" value="mixed mode, sharing"/>
    <property name="stderr.encoding" value="UTF-8"/>
    <property name="java.vendor" value="Red Hat, Inc."/>
    <property name="java.vm.version" value="21.0.8+9"/>
    <property name="sun.io.unicode.encoding" value="UnicodeLittle"/>
    <property name="java.class.version" value="65.0"/>
    <property name="LOGGED_APPLICATION_NAME" value="[gateway] "/>
  </properties>
  <testcase name="contextLoads" classname="com.example.gateway.gateway.GatewayApplicationTests" time="0.87">
    <system-out><![CDATA[15:15:31.884 [main] INFO org.springframework.test.context.support.AnnotationConfigContextLoaderUtils -- Could not detect default configuration classes for test class [com.example.gateway.gateway.GatewayApplicationTests]: GatewayApplicationTests does not declare any static, non-private, non-final, nested classes annotated with @Configuration.
15:15:32.054 [main] INFO org.springframework.boot.test.context.SpringBootTestContextBootstrapper -- Found @SpringBootConfiguration com.example.gateway.gateway.GatewayApplication for test class com.example.gateway.gateway.GatewayApplicationTests

  .   ____          _            __ _ _
 /\\ / ___'_ __ _ _(_)_ __  __ _ \ \ \ \
( ( )\___ | '_ | '_| | '_ \/ _` | \ \ \ \
 \\/  ___)| |_)| | | | | || (_| |  ) ) ) )
  '  |____| .__|_| |_|_| |_\__, | / / / /
 =========|_|==============|___/=/_/_/_/

 :: Spring Boot ::                (v3.4.8)

2025-08-03T15:15:33.015-05:00  INFO 410138 --- [gateway] [           main] c.e.g.gateway.GatewayApplicationTests    : Starting GatewayApplicationTests using Java 21.0.8 with PID 410138 (started by vier in /home/vier/college/awd/sb/gateway)
2025-08-03T15:15:33.017-05:00  INFO 410138 --- [gateway] [           main] c.e.g.gateway.GatewayApplicationTests    : No active profile set, falling back to 1 default profile: "default"
2025-08-03T15:15:33.920-05:00  INFO 410138 --- [gateway] [           main] o.s.cloud.context.scope.GenericScope     : BeanFactory id=b671eba9-812c-3a6a-b7c1-27f35036ffc8
2025-08-03T15:15:35.041-05:00  INFO 410138 --- [gateway] [           main] o.s.c.g.r.RouteDefinitionRouteLocator    : Loaded RoutePredicateFactory [After]
2025-08-03T15:15:35.041-05:00  INFO 410138 --- [gateway] [           main] o.s.c.g.r.RouteDefinitionRouteLocator    : Loaded RoutePredicateFactory [Before]
2025-08-03T15:15:35.041-05:00  INFO 410138 --- [gateway] [           main] o.s.c.g.r.RouteDefinitionRouteLocator    : Loaded RoutePredicateFactory [Between]
2025-08-03T15:15:35.042-05:00  INFO 410138 --- [gateway] [           main] o.s.c.g.r.RouteDefinitionRouteLocator    : Loaded RoutePredicateFactory [Cookie]
2025-08-03T15:15:35.042-05:00  INFO 410138 --- [gateway] [           main] o.s.c.g.r.RouteDefinitionRouteLocator    : Loaded RoutePredicateFactory [Header]
2025-08-03T15:15:35.042-05:00  INFO 410138 --- [gateway] [           main] o.s.c.g.r.RouteDefinitionRouteLocator    : Loaded RoutePredicateFactory [Host]
2025-08-03T15:15:35.042-05:00  INFO 410138 --- [gateway] [           main] o.s.c.g.r.RouteDefinitionRouteLocator    : Loaded RoutePredicateFactory [Method]
2025-08-03T15:15:35.042-05:00  INFO 410138 --- [gateway] [           main] o.s.c.g.r.RouteDefinitionRouteLocator    : Loaded RoutePredicateFactory [Path]
2025-08-03T15:15:35.042-05:00  INFO 410138 --- [gateway] [           main] o.s.c.g.r.RouteDefinitionRouteLocator    : Loaded RoutePredicateFactory [Query]
2025-08-03T15:15:35.043-05:00  INFO 410138 --- [gateway] [           main] o.s.c.g.r.RouteDefinitionRouteLocator    : Loaded RoutePredicateFactory [ReadBody]
2025-08-03T15:15:35.043-05:00  INFO 410138 --- [gateway] [           main] o.s.c.g.r.RouteDefinitionRouteLocator    : Loaded RoutePredicateFactory [RemoteAddr]
2025-08-03T15:15:35.043-05:00  INFO 410138 --- [gateway] [           main] o.s.c.g.r.RouteDefinitionRouteLocator    : Loaded RoutePredicateFactory [XForwardedRemoteAddr]
2025-08-03T15:15:35.043-05:00  INFO 410138 --- [gateway] [           main] o.s.c.g.r.RouteDefinitionRouteLocator    : Loaded RoutePredicateFactory [Weight]
2025-08-03T15:15:35.043-05:00  INFO 410138 --- [gateway] [           main] o.s.c.g.r.RouteDefinitionRouteLocator    : Loaded RoutePredicateFactory [CloudFoundryRouteService]
2025-08-03T15:15:35.450-05:00  INFO 410138 --- [gateway] [           main] c.e.g.gateway.GatewayApplicationTests    : Started GatewayApplicationTests in 2.944 seconds (process running for 4.421)
]]></system-out>
    <system-err><![CDATA[Mockito is currently self-attaching to enable the inline-mock-maker. This will no longer work in future releases of the JDK. Please add Mockito as an agent to your build what is described in Mockito's documentation: https://javadoc.io/doc/org.mockito/mockito-core/latest/org/mockito/Mockito.html#0.3
WARNING: A Java agent has been loaded dynamically (/home/vier/.m2/repository/net/bytebuddy/byte-buddy-agent/1.15.11/byte-buddy-agent-1.15.11.jar)
WARNING: If a serviceability tool is in use, please run with -XX:+EnableDynamicAgentLoading to hide this warning
WARNING: If a serviceability tool is not in use, please run with -Djdk.instrument.traceUsage for more information
WARNING: Dynamic loading of agents will be disallowed by default in a future release
]]></system-err>
  </testcase>
</testsuite>